  AboutMenu.cpp
  Beetle.cpp
  BlockDebris.cpp
  Bowser.cpp
  Bubble.cpp
  BulletBill.cpp
  BulletBillSpawner.cpp
  CFG.cpp
  Cheep.cpp
  CheepSpawner.cpp
  Coin.cpp
  Console.cpp
  Core.cpp
  Fire.cpp
  FireBall.cpp
  Flag.cpp
  Flower.cpp
  Goombas.cpp
  Hammer.cpp
  HammerBro.cpp
  Generating Code...
  Compiling...
  Koppa.cpp
  Event.cpp
  Lakito.cpp
  LevelEditor.cpp
  LoadingMenu.cpp
  main.cpp
  MainMenu.cpp
  Map.cpp
  Menu.cpp
  MenuManager.cpp
  Minion.cpp
  Mushroom.cpp
  Music.cpp
  OptionsMenu.cpp
  PauseMenu.cpp
  Pipe.cpp
  Plant.cpp
  Platform.cpp
  Player.cpp
  PlayerFireBall.cpp
  Generating Code...
  Compiling...
  Points.cpp
  Spikey.cpp
  Spring.cpp
  Squid.cpp
  Star.cpp
  Text.cpp
  Toad.cpp
  UpFire.cpp
  Vine.cpp
  Generating Code...
  uNext.vcxproj -> C:\Users\Irene Zheng\Desktop\uMario_Jakowski-master\uMario_Jakowski-master\Debug\uNext.exe
